
*** Running vivado
    with args -log inv.vdi -applog -m64 -product Vivado -messageDb vivado.pb -mode batch -source inv.tcl -notrace


****** Vivado v2023.2 (64-bit)
  **** SW Build 4029153 on Fri Oct 13 20:13:54 MDT 2023
  **** IP Build 4028589 on Sat Oct 14 00:45:43 MDT 2023
  **** SharedData Build 4025554 on Tue Oct 10 17:18:54 MDT 2023
    ** Copyright 1986-2022 Xilinx, Inc. All Rights Reserved.
    ** Copyright 2022-2023 Advanced Micro Devices, Inc. All Rights Reserved.

source inv.tcl -notrace
Command: link_design -top inv -part xc7k70tfbv676-1
Design is defaulting to srcset: sources_1
Design is defaulting to constrset: constrs_1
INFO: [Device 21-403] Loading part xc7k70tfbv676-1
Netlist sorting complete. Time (s): cpu = 00:00:00 ; elapsed = 00:00:00.01 . Memory (MB): peak = 1845.074 ; gain = 0.000 ; free physical = 4380 ; free virtual = 34963
INFO: [Project 1-479] Netlist was created with Vivado 2023.2
INFO: [Project 1-570] Preparing netlist for logic optimization
Read ShapeDB Complete: Time (s): cpu = 00:00:00 ; elapsed = 00:00:00 . Memory (MB): peak = 1910.824 ; gain = 0.000 ; free physical = 4305 ; free virtual = 34888
Netlist sorting complete. Time (s): cpu = 00:00:00 ; elapsed = 00:00:00 . Memory (MB): peak = 1910.824 ; gain = 0.000 ; free physical = 4305 ; free virtual = 34888
INFO: [Project 1-111] Unisim Transformation Summary:
No Unisim elements were transformed.

4 Infos, 0 Warnings, 0 Critical Warnings and 0 Errors encountered.
link_design completed successfully
Command: opt_design
Attempting to get a license for feature 'Implementation' and/or device 'xc7k70t'
INFO: [Common 17-349] Got license for feature 'Implementation' and/or device 'xc7k70t'
Running DRC as a precondition to command opt_design

Starting DRC Task
INFO: [DRC 23-27] Running DRC with 8 threads
INFO: [Project 1-461] DRC finished with 0 Errors
INFO: [Project 1-462] Please refer to the DRC report (report_drc) for more information.

Time (s): cpu = 00:00:00.25 ; elapsed = 00:00:00.41 . Memory (MB): peak = 2018.512 ; gain = 79.840 ; free physical = 4261 ; free virtual = 34845

Starting Cache Timing Information Task
INFO: [Timing 38-35] Done setting XDC timing constraints.
Ending Cache Timing Information Task | Checksum: 86e7d9c0

Time (s): cpu = 00:00:03 ; elapsed = 00:00:03 . Memory (MB): peak = 2460.426 ; gain = 441.914 ; free physical = 3815 ; free virtual = 34420

Starting Logic Optimization Task

Phase 1 Initialization

Phase 1.1 Core Generation And Design Setup
Phase 1.1 Core Generation And Design Setup | Checksum: 86e7d9c0

Time (s): cpu = 00:00:00 ; elapsed = 00:00:00 . Memory (MB): peak = 2763.262 ; gain = 0.000 ; free physical = 3514 ; free virtual = 34118

Phase 1.2 Setup Constraints And Sort Netlist
Phase 1.2 Setup Constraints And Sort Netlist | Checksum: 86e7d9c0

Time (s): cpu = 00:00:00 ; elapsed = 00:00:00 . Memory (MB): peak = 2763.262 ; gain = 0.000 ; free physical = 3514 ; free virtual = 34118
Phase 1 Initialization | Checksum: 86e7d9c0

Time (s): cpu = 00:00:00 ; elapsed = 00:00:00 . Memory (MB): peak = 2763.262 ; gain = 0.000 ; free physical = 3514 ; free virtual = 34118

Phase 2 Timer Update And Timing Data Collection

Phase 2.1 Timer Update
Phase 2.1 Timer Update | Checksum: 86e7d9c0

Time (s): cpu = 00:00:00 ; elapsed = 00:00:00 . Memory (MB): peak = 2763.262 ; gain = 0.000 ; free physical = 3514 ; free virtual = 34118

Phase 2.2 Timing Data Collection
Phase 2.2 Timing Data Collection | Checksum: 86e7d9c0

Time (s): cpu = 00:00:00 ; elapsed = 00:00:00.01 . Memory (MB): peak = 2763.262 ; gain = 0.000 ; free physical = 3514 ; free virtual = 34118
Phase 2 Timer Update And Timing Data Collection | Checksum: 86e7d9c0

Time (s): cpu = 00:00:00 ; elapsed = 00:00:00.01 . Memory (MB): peak = 2763.262 ; gain = 0.000 ; free physical = 3514 ; free virtual = 34118

Phase 3 Retarget
INFO: [Opt 31-138] Pushed 0 inverter(s) to 0 load pin(s).
INFO: [Opt 31-49] Retargeted 0 cell(s).
Phase 3 Retarget | Checksum: 86e7d9c0

Time (s): cpu = 00:00:00.01 ; elapsed = 00:00:00.02 . Memory (MB): peak = 2763.262 ; gain = 0.000 ; free physical = 3513 ; free virtual = 34118
Retarget | Checksum: 86e7d9c0
INFO: [Opt 31-389] Phase Retarget created 0 cells and removed 0 cells

Phase 4 Constant propagation
INFO: [Opt 31-138] Pushed 0 inverter(s) to 0 load pin(s).
Phase 4 Constant propagation | Checksum: 86e7d9c0

Time (s): cpu = 00:00:00.01 ; elapsed = 00:00:00.02 . Memory (MB): peak = 2763.262 ; gain = 0.000 ; free physical = 3513 ; free virtual = 34118
Constant propagation | Checksum: 86e7d9c0
INFO: [Opt 31-389] Phase Constant propagation created 0 cells and removed 0 cells

Phase 5 Sweep
Phase 5 Sweep | Checksum: 86e7d9c0

Time (s): cpu = 00:00:00.01 ; elapsed = 00:00:00.02 . Memory (MB): peak = 2763.262 ; gain = 0.000 ; free physical = 3513 ; free virtual = 34118
Sweep | Checksum: 86e7d9c0
INFO: [Opt 31-389] Phase Sweep created 0 cells and removed 0 cells

Phase 6 BUFG optimization
Phase 6 BUFG optimization | Checksum: 86e7d9c0

Time (s): cpu = 00:00:00.01 ; elapsed = 00:00:00.02 . Memory (MB): peak = 2795.277 ; gain = 32.016 ; free physical = 3513 ; free virtual = 34118
BUFG optimization | Checksum: 86e7d9c0
INFO: [Opt 31-662] Phase BUFG optimization created 0 cells of which 0 are BUFGs and removed 0 cells.

Phase 7 Shift Register Optimization
INFO: [Opt 31-1064] SRL Remap converted 0 SRLs to 0 registers and converted 0 registers of register chains to 0 SRLs
Phase 7 Shift Register Optimization | Checksum: 86e7d9c0

Time (s): cpu = 00:00:00.01 ; elapsed = 00:00:00.02 . Memory (MB): peak = 2795.277 ; gain = 32.016 ; free physical = 3513 ; free virtual = 34118
Shift Register Optimization | Checksum: 86e7d9c0
INFO: [Opt 31-389] Phase Shift Register Optimization created 0 cells and removed 0 cells

Phase 8 Post Processing Netlist
Phase 8 Post Processing Netlist | Checksum: 86e7d9c0

Time (s): cpu = 00:00:00.01 ; elapsed = 00:00:00.02 . Memory (MB): peak = 2795.277 ; gain = 32.016 ; free physical = 3513 ; free virtual = 34118
Post Processing Netlist | Checksum: 86e7d9c0
INFO: [Opt 31-389] Phase Post Processing Netlist created 0 cells and removed 0 cells

Phase 9 Finalization

Phase 9.1 Finalizing Design Cores and Updating Shapes
Phase 9.1 Finalizing Design Cores and Updating Shapes | Checksum: 86e7d9c0

Time (s): cpu = 00:00:00.01 ; elapsed = 00:00:00.03 . Memory (MB): peak = 2795.277 ; gain = 32.016 ; free physical = 3513 ; free virtual = 34118

Phase 9.2 Verifying Netlist Connectivity

Starting Connectivity Check Task

Time (s): cpu = 00:00:00 ; elapsed = 00:00:00 . Memory (MB): peak = 2795.277 ; gain = 0.000 ; free physical = 3513 ; free virtual = 34118
Phase 9.2 Verifying Netlist Connectivity | Checksum: 86e7d9c0

Time (s): cpu = 00:00:00.01 ; elapsed = 00:00:00.03 . Memory (MB): peak = 2795.277 ; gain = 32.016 ; free physical = 3513 ; free virtual = 34118
Phase 9 Finalization | Checksum: 86e7d9c0

Time (s): cpu = 00:00:00.01 ; elapsed = 00:00:00.03 . Memory (MB): peak = 2795.277 ; gain = 32.016 ; free physical = 3513 ; free virtual = 34118
Opt_design Change Summary
=========================


-------------------------------------------------------------------------------------------------------------------------
|  Phase                        |  #Cells created  |  #Cells Removed  |  #Constrained objects preventing optimizations  |
-------------------------------------------------------------------------------------------------------------------------
|  Retarget                     |               0  |               0  |                                              0  |
|  Constant propagation         |               0  |               0  |                                              0  |
|  Sweep                        |               0  |               0  |                                              0  |
|  BUFG optimization            |               0  |               0  |                                              0  |
|  Shift Register Optimization  |               0  |               0  |                                              0  |
|  Post Processing Netlist      |               0  |               0  |                                              0  |
-------------------------------------------------------------------------------------------------------------------------


Ending Logic Optimization Task | Checksum: 86e7d9c0

Time (s): cpu = 00:00:00.01 ; elapsed = 00:00:00.03 . Memory (MB): peak = 2795.277 ; gain = 32.016 ; free physical = 3513 ; free virtual = 34118
INFO: [Constraints 18-11670] Building netlist checker database with flags, 0x8
Done building netlist checker database: Time (s): cpu = 00:00:00 ; elapsed = 00:00:00 . Memory (MB): peak = 2795.277 ; gain = 0.000 ; free physical = 3513 ; free virtual = 34118

Starting Power Optimization Task
INFO: [Pwropt 34-132] Skipping clock gating for clocks with a period < 2.00 ns.
Ending Power Optimization Task | Checksum: 86e7d9c0

Time (s): cpu = 00:00:00.01 ; elapsed = 00:00:00 . Memory (MB): peak = 2795.277 ; gain = 0.000 ; free physical = 3513 ; free virtual = 34118

Starting Final Cleanup Task
Ending Final Cleanup Task | Checksum: 86e7d9c0

Time (s): cpu = 00:00:00 ; elapsed = 00:00:00 . Memory (MB): peak = 2795.277 ; gain = 0.000 ; free physical = 3513 ; free virtual = 34118

Starting Netlist Obfuscation Task
Netlist sorting complete. Time (s): cpu = 00:00:00 ; elapsed = 00:00:00 . Memory (MB): peak = 2795.277 ; gain = 0.000 ; free physical = 3513 ; free virtual = 34118
Ending Netlist Obfuscation Task | Checksum: 86e7d9c0

Time (s): cpu = 00:00:00 ; elapsed = 00:00:00 . Memory (MB): peak = 2795.277 ; gain = 0.000 ; free physical = 3513 ; free virtual = 34118
INFO: [Common 17-83] Releasing license: Implementation
22 Infos, 0 Warnings, 0 Critical Warnings and 0 Errors encountered.
opt_design completed successfully
INFO: [runtcl-4] Executing : report_drc -file inv_drc_opted.rpt -pb inv_drc_opted.pb -rpx inv_drc_opted.rpx
Command: report_drc -file inv_drc_opted.rpt -pb inv_drc_opted.pb -rpx inv_drc_opted.rpx
INFO: [IP_Flow 19-234] Refreshing IP repositories
INFO: [IP_Flow 19-1704] No user IP repositories specified
INFO: [IP_Flow 19-2313] Loaded Vivado IP repository '/tools/Xilinx/Vivado/2023.2/data/ip'.
INFO: [DRC 23-27] Running DRC with 8 threads
INFO: [Vivado_Tcl 2-168] The results of DRC are in file /home/nwells/xschem/6_bit_flash/schematics/verilog/decoder_top/decoder_top.runs/impl_1/inv_drc_opted.rpt.
report_drc completed successfully
Write ShapeDB Complete: Time (s): cpu = 00:00:00 ; elapsed = 00:00:00 . Memory (MB): peak = 2906.199 ; gain = 0.000 ; free physical = 3482 ; free virtual = 34087
INFO: [Common 17-1381] The checkpoint '/home/nwells/xschem/6_bit_flash/schematics/verilog/decoder_top/decoder_top.runs/impl_1/inv_opt.dcp' has been generated.
Command: place_design
Attempting to get a license for feature 'Implementation' and/or device 'xc7k70t'
INFO: [Common 17-349] Got license for feature 'Implementation' and/or device 'xc7k70t'
INFO: [Common 17-83] Releasing license: Implementation
INFO: [DRC 23-27] Running DRC with 8 threads
INFO: [Vivado_Tcl 4-198] DRC finished with 0 Errors
INFO: [Vivado_Tcl 4-199] Please refer to the DRC report (report_drc) for more information.
Running DRC as a precondition to command place_design
INFO: [DRC 23-27] Running DRC with 8 threads
INFO: [Vivado_Tcl 4-198] DRC finished with 0 Errors
INFO: [Vivado_Tcl 4-199] Please refer to the DRC report (report_drc) for more information.
INFO: [Place 30-611] Multithreading enabled for place_design using a maximum of 8 CPUs

Starting Placer Task

Phase 1 Placer Initialization

Phase 1.1 Placer Initialization Netlist Sorting
Netlist sorting complete. Time (s): cpu = 00:00:00 ; elapsed = 00:00:00 . Memory (MB): peak = 2965.195 ; gain = 0.000 ; free physical = 3478 ; free virtual = 34083
Phase 1.1 Placer Initialization Netlist Sorting | Checksum: 4512fbd9

Time (s): cpu = 00:00:00 ; elapsed = 00:00:00 . Memory (MB): peak = 2965.195 ; gain = 0.000 ; free physical = 3478 ; free virtual = 34083
Netlist sorting complete. Time (s): cpu = 00:00:00 ; elapsed = 00:00:00 . Memory (MB): peak = 2965.195 ; gain = 0.000 ; free physical = 3478 ; free virtual = 34083

Phase 1.2 IO Placement/ Clock Placement/ Build Placer Device
INFO: [Timing 38-35] Done setting XDC timing constraints.
Phase 1.2 IO Placement/ Clock Placement/ Build Placer Device | Checksum: 9b8d5328

Time (s): cpu = 00:00:00.18 ; elapsed = 00:00:00.05 . Memory (MB): peak = 2965.195 ; gain = 0.000 ; free physical = 3476 ; free virtual = 34081

Phase 1.3 Build Placer Netlist Model
Phase 1.3 Build Placer Netlist Model | Checksum: a244e0a4

Time (s): cpu = 00:00:00.25 ; elapsed = 00:00:00.06 . Memory (MB): peak = 2965.195 ; gain = 0.000 ; free physical = 3476 ; free virtual = 34081

Phase 1.4 Constrain Clocks/Macros
Phase 1.4 Constrain Clocks/Macros | Checksum: a244e0a4

Time (s): cpu = 00:00:00.26 ; elapsed = 00:00:00.06 . Memory (MB): peak = 2965.195 ; gain = 0.000 ; free physical = 3476 ; free virtual = 34081
Phase 1 Placer Initialization | Checksum: a244e0a4

Time (s): cpu = 00:00:00.26 ; elapsed = 00:00:00.06 . Memory (MB): peak = 2965.195 ; gain = 0.000 ; free physical = 3476 ; free virtual = 34081

Phase 2 Global Placement

Phase 2.1 Floorplanning
Phase 2.1 Floorplanning | Checksum: a244e0a4

Time (s): cpu = 00:00:00.26 ; elapsed = 00:00:00.07 . Memory (MB): peak = 2965.195 ; gain = 0.000 ; free physical = 3476 ; free virtual = 34081

Phase 2.2 Update Timing before SLR Path Opt
Phase 2.2 Update Timing before SLR Path Opt | Checksum: a244e0a4

Time (s): cpu = 00:00:00.26 ; elapsed = 00:00:00.07 . Memory (MB): peak = 2965.195 ; gain = 0.000 ; free physical = 3476 ; free virtual = 34081

Phase 2.3 Post-Processing in Floorplanning
Phase 2.3 Post-Processing in Floorplanning | Checksum: a244e0a4

Time (s): cpu = 00:00:00.26 ; elapsed = 00:00:00.07 . Memory (MB): peak = 2965.195 ; gain = 0.000 ; free physical = 3476 ; free virtual = 34081

Phase 2.4 Global Placement Core
WARNING: [Place 46-29] Timing had been disabled during Placer and, therefore, physical synthesis in Placer will be skipped.
Phase 2.4 Global Placement Core | Checksum: 15985c587

Time (s): cpu = 00:00:00.6 ; elapsed = 00:00:00.12 . Memory (MB): peak = 2965.195 ; gain = 0.000 ; free physical = 3473 ; free virtual = 34078
Phase 2 Global Placement | Checksum: 15985c587

Time (s): cpu = 00:00:00.6 ; elapsed = 00:00:00.12 . Memory (MB): peak = 2965.195 ; gain = 0.000 ; free physical = 3473 ; free virtual = 34078

Phase 3 Detail Placement

Phase 3.1 Commit Multi Column Macros
Phase 3.1 Commit Multi Column Macros | Checksum: 15985c587

Time (s): cpu = 00:00:00.61 ; elapsed = 00:00:00.12 . Memory (MB): peak = 2965.195 ; gain = 0.000 ; free physical = 3473 ; free virtual = 34078

Phase 3.2 Commit Most Macros & LUTRAMs
Phase 3.2 Commit Most Macros & LUTRAMs | Checksum: 1378bbc52

Time (s): cpu = 00:00:00.64 ; elapsed = 00:00:00.13 . Memory (MB): peak = 2965.195 ; gain = 0.000 ; free physical = 3473 ; free virtual = 34078

Phase 3.3 Area Swap Optimization
Phase 3.3 Area Swap Optimization | Checksum: 9cce4051

Time (s): cpu = 00:00:00.65 ; elapsed = 00:00:00.13 . Memory (MB): peak = 2965.195 ; gain = 0.000 ; free physical = 3473 ; free virtual = 34078

Phase 3.4 Pipeline Register Optimization
Phase 3.4 Pipeline Register Optimization | Checksum: 9cce4051

Time (s): cpu = 00:00:00.65 ; elapsed = 00:00:00.13 . Memory (MB): peak = 2965.195 ; gain = 0.000 ; free physical = 3473 ; free virtual = 34078

Phase 3.5 Small Shape Detail Placement
Phase 3.5 Small Shape Detail Placement | Checksum: 1607d5af0

Time (s): cpu = 00:00:01 ; elapsed = 00:00:00.31 . Memory (MB): peak = 2965.195 ; gain = 0.000 ; free physical = 3473 ; free virtual = 34078

Phase 3.6 Re-assign LUT pins
Phase 3.6 Re-assign LUT pins | Checksum: 1607d5af0

Time (s): cpu = 00:00:01 ; elapsed = 00:00:00.31 . Memory (MB): peak = 2965.195 ; gain = 0.000 ; free physical = 3473 ; free virtual = 34078

Phase 3.7 Pipeline Register Optimization
Phase 3.7 Pipeline Register Optimization | Checksum: 1607d5af0

Time (s): cpu = 00:00:01 ; elapsed = 00:00:00.31 . Memory (MB): peak = 2965.195 ; gain = 0.000 ; free physical = 3473 ; free virtual = 34078
Phase 3 Detail Placement | Checksum: 1607d5af0

Time (s): cpu = 00:00:01 ; elapsed = 00:00:00.31 . Memory (MB): peak = 2965.195 ; gain = 0.000 ; free physical = 3473 ; free virtual = 34078

Phase 4 Post Placement Optimization and Clean-Up

Phase 4.1 Post Commit Optimization
Phase 4.1 Post Commit Optimization | Checksum: 1607d5af0

Time (s): cpu = 00:00:01 ; elapsed = 00:00:00.33 . Memory (MB): peak = 2965.195 ; gain = 0.000 ; free physical = 3473 ; free virtual = 34078

Phase 4.2 Post Placement Cleanup
Phase 4.2 Post Placement Cleanup | Checksum: 1607d5af0

Time (s): cpu = 00:00:01 ; elapsed = 00:00:00.33 . Memory (MB): peak = 2965.195 ; gain = 0.000 ; free physical = 3473 ; free virtual = 34078

Phase 4.3 Placer Reporting

Phase 4.3.1 Print Estimated Congestion
INFO: [Place 30-612] Post-Placement Estimated Congestion 
 ____________________________________________________
|           | Global Congestion | Short Congestion  |
| Direction | Region Size       | Region Size       |
|___________|___________________|___________________|
|      North|                1x1|                1x1|
|___________|___________________|___________________|
|      South|                1x1|                1x1|
|___________|___________________|___________________|
|       East|                1x1|                1x1|
|___________|___________________|___________________|
|       West|                1x1|                1x1|
|___________|___________________|___________________|

Phase 4.3.1 Print Estimated Congestion | Checksum: 1607d5af0

Time (s): cpu = 00:00:01 ; elapsed = 00:00:00.33 . Memory (MB): peak = 2965.195 ; gain = 0.000 ; free physical = 3473 ; free virtual = 34078
Phase 4.3 Placer Reporting | Checksum: 1607d5af0

Time (s): cpu = 00:00:01 ; elapsed = 00:00:00.33 . Memory (MB): peak = 2965.195 ; gain = 0.000 ; free physical = 3473 ; free virtual = 34078

Phase 4.4 Final Placement Cleanup
Netlist sorting complete. Time (s): cpu = 00:00:00 ; elapsed = 00:00:00 . Memory (MB): peak = 2965.195 ; gain = 0.000 ; free physical = 3473 ; free virtual = 34078

Time (s): cpu = 00:00:01 ; elapsed = 00:00:00.33 . Memory (MB): peak = 2965.195 ; gain = 0.000 ; free physical = 3473 ; free virtual = 34078
Phase 4 Post Placement Optimization and Clean-Up | Checksum: 1607d5af0

Time (s): cpu = 00:00:01 ; elapsed = 00:00:00.33 . Memory (MB): peak = 2965.195 ; gain = 0.000 ; free physical = 3473 ; free virtual = 34078
Ending Placer Task | Checksum: ed133509

Time (s): cpu = 00:00:01 ; elapsed = 00:00:00.33 . Memory (MB): peak = 2965.195 ; gain = 0.000 ; free physical = 3473 ; free virtual = 34078
40 Infos, 1 Warnings, 0 Critical Warnings and 0 Errors encountered.
place_design completed successfully
INFO: [runtcl-4] Executing : report_io -file inv_io_placed.rpt
report_io: Time (s): cpu = 00:00:00.11 ; elapsed = 00:00:00.06 . Memory (MB): peak = 2965.195 ; gain = 0.000 ; free physical = 3473 ; free virtual = 34078
INFO: [runtcl-4] Executing : report_utilization -file inv_utilization_placed.rpt -pb inv_utilization_placed.pb
INFO: [runtcl-4] Executing : report_control_sets -verbose -file inv_control_sets_placed.rpt
report_control_sets: Time (s): cpu = 00:00:00 ; elapsed = 00:00:00 . Memory (MB): peak = 2965.195 ; gain = 0.000 ; free physical = 3473 ; free virtual = 34078
Write ShapeDB Complete: Time (s): cpu = 00:00:00 ; elapsed = 00:00:00 . Memory (MB): peak = 2965.195 ; gain = 0.000 ; free physical = 3473 ; free virtual = 34078
Wrote PlaceDB: Time (s): cpu = 00:00:00 ; elapsed = 00:00:00 . Memory (MB): peak = 2965.195 ; gain = 0.000 ; free physical = 3473 ; free virtual = 34078
Wrote PulsedLatchDB: Time (s): cpu = 00:00:00 ; elapsed = 00:00:00 . Memory (MB): peak = 2965.195 ; gain = 0.000 ; free physical = 3473 ; free virtual = 34078
Writing XDEF routing.
Writing XDEF routing logical nets.
Writing XDEF routing special nets.
Wrote RouteStorage: Time (s): cpu = 00:00:00.03 ; elapsed = 00:00:00.03 . Memory (MB): peak = 2965.195 ; gain = 0.000 ; free physical = 3472 ; free virtual = 34078
Wrote Netlist Cache: Time (s): cpu = 00:00:00 ; elapsed = 00:00:00 . Memory (MB): peak = 2965.195 ; gain = 0.000 ; free physical = 3472 ; free virtual = 34078
Wrote Device Cache: Time (s): cpu = 00:00:00 ; elapsed = 00:00:00 . Memory (MB): peak = 2965.195 ; gain = 0.000 ; free physical = 3472 ; free virtual = 34077
Write Physdb Complete: Time (s): cpu = 00:00:00.03 ; elapsed = 00:00:00.03 . Memory (MB): peak = 2965.195 ; gain = 0.000 ; free physical = 3472 ; free virtual = 34077
INFO: [Common 17-1381] The checkpoint '/home/nwells/xschem/6_bit_flash/schematics/verilog/decoder_top/decoder_top.runs/impl_1/inv_placed.dcp' has been generated.
Command: phys_opt_design
Attempting to get a license for feature 'Implementation' and/or device 'xc7k70t'
INFO: [Common 17-349] Got license for feature 'Implementation' and/or device 'xc7k70t'

Starting Initial Update Timing Task

Time (s): cpu = 00:00:00 ; elapsed = 00:00:00 . Memory (MB): peak = 2965.195 ; gain = 0.000 ; free physical = 3472 ; free virtual = 34077
INFO: [Vivado_Tcl 4-235] No timing constraint found. The netlist was not modified.
INFO: [Common 17-83] Releasing license: Implementation
47 Infos, 1 Warnings, 0 Critical Warnings and 0 Errors encountered.
phys_opt_design completed successfully
Write ShapeDB Complete: Time (s): cpu = 00:00:00 ; elapsed = 00:00:00 . Memory (MB): peak = 2965.195 ; gain = 0.000 ; free physical = 3472 ; free virtual = 34077
Wrote PlaceDB: Time (s): cpu = 00:00:00 ; elapsed = 00:00:00 . Memory (MB): peak = 2965.195 ; gain = 0.000 ; free physical = 3472 ; free virtual = 34077
Wrote PulsedLatchDB: Time (s): cpu = 00:00:00 ; elapsed = 00:00:00 . Memory (MB): peak = 2965.195 ; gain = 0.000 ; free physical = 3472 ; free virtual = 34077
Writing XDEF routing.
Writing XDEF routing logical nets.
Writing XDEF routing special nets.
Wrote RouteStorage: Time (s): cpu = 00:00:00.01 ; elapsed = 00:00:00 . Memory (MB): peak = 2965.195 ; gain = 0.000 ; free physical = 3472 ; free virtual = 34077
Wrote Netlist Cache: Time (s): cpu = 00:00:00 ; elapsed = 00:00:00 . Memory (MB): peak = 2965.195 ; gain = 0.000 ; free physical = 3472 ; free virtual = 34077
Wrote Device Cache: Time (s): cpu = 00:00:00 ; elapsed = 00:00:00.01 . Memory (MB): peak = 2965.195 ; gain = 0.000 ; free physical = 3472 ; free virtual = 34077
Write Physdb Complete: Time (s): cpu = 00:00:00.01 ; elapsed = 00:00:00.01 . Memory (MB): peak = 2965.195 ; gain = 0.000 ; free physical = 3472 ; free virtual = 34077
INFO: [Common 17-1381] The checkpoint '/home/nwells/xschem/6_bit_flash/schematics/verilog/decoder_top/decoder_top.runs/impl_1/inv_physopt.dcp' has been generated.
Command: route_design
Attempting to get a license for feature 'Implementation' and/or device 'xc7k70t'
INFO: [Common 17-349] Got license for feature 'Implementation' and/or device 'xc7k70t'
Running DRC as a precondition to command route_design
INFO: [DRC 23-27] Running DRC with 8 threads
INFO: [Vivado_Tcl 4-198] DRC finished with 0 Errors
INFO: [Vivado_Tcl 4-199] Please refer to the DRC report (report_drc) for more information.


Starting Routing Task
INFO: [Route 35-254] Multithreading enabled for route_design using a maximum of 8 CPUs

Phase 1 Build RT Design
Checksum: PlaceDB: a8003930 ConstDB: 0 ShapeSum: 4512fbd9 RouteDB: 0
Post Restoration Checksum: NetGraph: 51d208d8 | NumContArr: cb818d0f | Constraints: c2a8fa9d | Timing: c2a8fa9d
Phase 1 Build RT Design | Checksum: 2a2a58b21

Time (s): cpu = 00:00:06 ; elapsed = 00:00:05 . Memory (MB): peak = 3043.801 ; gain = 40.945 ; free physical = 3364 ; free virtual = 33970

Phase 2 Router Initialization
INFO: [Route 35-64] No timing constraints were detected. The router will operate in resource-optimization mode.

Phase 2.1 Fix Topology Constraints
Phase 2.1 Fix Topology Constraints | Checksum: 2a2a58b21

Time (s): cpu = 00:00:06 ; elapsed = 00:00:05 . Memory (MB): peak = 3073.801 ; gain = 70.945 ; free physical = 3334 ; free virtual = 33940

Phase 2.2 Pre Route Cleanup
Phase 2.2 Pre Route Cleanup | Checksum: 2a2a58b21

Time (s): cpu = 00:00:06 ; elapsed = 00:00:05 . Memory (MB): peak = 3073.801 ; gain = 70.945 ; free physical = 3334 ; free virtual = 33940

Router Utilization Summary
  Global Vertical Routing Utilization    = 0 %
  Global Horizontal Routing Utilization  = 0 %
  Routable Net Status*
  *Does not include unroutable nets such as driverless and loadless.
  Run report_route_status for detailed report.
  Number of Failed Nets               = 2
    (Failed Nets is the sum of unrouted and partially routed nets)
  Number of Unrouted Nets             = 2
  Number of Partially Routed Nets     = 0
  Number of Node Overlaps             = 0

Phase 2 Router Initialization | Checksum: 2a2a58b21

Time (s): cpu = 00:00:07 ; elapsed = 00:00:05 . Memory (MB): peak = 3097.238 ; gain = 94.383 ; free physical = 3310 ; free virtual = 33916

Phase 3 Initial Routing

Phase 3.1 Global Routing
Phase 3.1 Global Routing | Checksum: 2a2a58b21

Time (s): cpu = 00:00:07 ; elapsed = 00:00:05 . Memory (MB): peak = 3097.238 ; gain = 94.383 ; free physical = 3310 ; free virtual = 33916

Phase 3.2 Initial Net Routing
 Number of Nodes with overlaps = 0
Phase 3.2 Initial Net Routing | Checksum: 2513406a9

Time (s): cpu = 00:00:07 ; elapsed = 00:00:05 . Memory (MB): peak = 3097.238 ; gain = 94.383 ; free physical = 3310 ; free virtual = 33916
Phase 3 Initial Routing | Checksum: 2513406a9

Time (s): cpu = 00:00:07 ; elapsed = 00:00:05 . Memory (MB): peak = 3097.238 ; gain = 94.383 ; free physical = 3310 ; free virtual = 33916

Phase 4 Rip-up And Reroute

Phase 4.1 Global Iteration 0
Phase 4.1 Global Iteration 0 | Checksum: 2513406a9

Time (s): cpu = 00:00:07 ; elapsed = 00:00:05 . Memory (MB): peak = 3097.238 ; gain = 94.383 ; free physical = 3310 ; free virtual = 33916
Phase 4 Rip-up And Reroute | Checksum: 2513406a9

Time (s): cpu = 00:00:07 ; elapsed = 00:00:05 . Memory (MB): peak = 3097.238 ; gain = 94.383 ; free physical = 3310 ; free virtual = 33916

Phase 5 Delay and Skew Optimization
Phase 5 Delay and Skew Optimization | Checksum: 2513406a9

Time (s): cpu = 00:00:07 ; elapsed = 00:00:05 . Memory (MB): peak = 3097.238 ; gain = 94.383 ; free physical = 3310 ; free virtual = 33916

Phase 6 Post Hold Fix

Phase 6.1 Hold Fix Iter
Phase 6.1 Hold Fix Iter | Checksum: 2513406a9

Time (s): cpu = 00:00:07 ; elapsed = 00:00:05 . Memory (MB): peak = 3097.238 ; gain = 94.383 ; free physical = 3310 ; free virtual = 33916
Phase 6 Post Hold Fix | Checksum: 2513406a9

Time (s): cpu = 00:00:07 ; elapsed = 00:00:05 . Memory (MB): peak = 3097.238 ; gain = 94.383 ; free physical = 3310 ; free virtual = 33916

Phase 7 Route finalize

Router Utilization Summary
  Global Vertical Routing Utilization    = 5.96623e-05 %
  Global Horizontal Routing Utilization  = 0.00038956 %
  Routable Net Status*
  *Does not include unroutable nets such as driverless and loadless.
  Run report_route_status for detailed report.
  Number of Failed Nets               = 0
    (Failed Nets is the sum of unrouted and partially routed nets)
  Number of Unrouted Nets             = 0
  Number of Partially Routed Nets     = 0
  Number of Node Overlaps             = 0


--GLOBAL Congestion:
Utilization threshold used for congestion level computation: 0.85
Congestion Report
North Dir 1x1 Area, Max Cong = 0%, No Congested Regions.
South Dir 1x1 Area, Max Cong = 0.900901%, No Congested Regions.
East Dir 1x1 Area, Max Cong = 2.94118%, No Congested Regions.
West Dir 1x1 Area, Max Cong = 2.94118%, No Congested Regions.

------------------------------
Reporting congestion hotspots
------------------------------
Direction: North
----------------
Congested clusters found at Level 0
Effective congestion level: 0 Aspect Ratio: 1 Sparse Ratio: 0
Direction: South
----------------
Congested clusters found at Level 0
Effective congestion level: 0 Aspect Ratio: 1 Sparse Ratio: 0
Direction: East
----------------
Congested clusters found at Level 0
Effective congestion level: 0 Aspect Ratio: 1 Sparse Ratio: 0
Direction: West
----------------
Congested clusters found at Level 0
Effective congestion level: 0 Aspect Ratio: 1 Sparse Ratio: 0

Phase 7 Route finalize | Checksum: 2513406a9

Time (s): cpu = 00:00:07 ; elapsed = 00:00:05 . Memory (MB): peak = 3097.238 ; gain = 94.383 ; free physical = 3310 ; free virtual = 33916

Phase 8 Verifying routed nets

 Verification completed successfully
Phase 8 Verifying routed nets | Checksum: 2513406a9

Time (s): cpu = 00:00:07 ; elapsed = 00:00:05 . Memory (MB): peak = 3097.238 ; gain = 94.383 ; free physical = 3308 ; free virtual = 33914

Phase 9 Depositing Routes
Phase 9 Depositing Routes | Checksum: 2642eadb6

Time (s): cpu = 00:00:07 ; elapsed = 00:00:05 . Memory (MB): peak = 3097.238 ; gain = 94.383 ; free physical = 3308 ; free virtual = 33914
INFO: [Route 35-16] Router Completed Successfully

Phase 10 Post-Route Event Processing
Phase 10 Post-Route Event Processing | Checksum: 4c686395

Time (s): cpu = 00:00:07 ; elapsed = 00:00:05 . Memory (MB): peak = 3097.238 ; gain = 94.383 ; free physical = 3308 ; free virtual = 33914
Ending Routing Task | Checksum: 4c686395

Time (s): cpu = 00:00:07 ; elapsed = 00:00:05 . Memory (MB): peak = 3097.238 ; gain = 94.383 ; free physical = 3308 ; free virtual = 33914

Routing Is Done.
INFO: [Common 17-83] Releasing license: Implementation
56 Infos, 1 Warnings, 0 Critical Warnings and 0 Errors encountered.
route_design completed successfully
route_design: Time (s): cpu = 00:00:07 ; elapsed = 00:00:05 . Memory (MB): peak = 3097.238 ; gain = 132.043 ; free physical = 3308 ; free virtual = 33914
INFO: [runtcl-4] Executing : report_drc -file inv_drc_routed.rpt -pb inv_drc_routed.pb -rpx inv_drc_routed.rpx
Command: report_drc -file inv_drc_routed.rpt -pb inv_drc_routed.pb -rpx inv_drc_routed.rpx
INFO: [IP_Flow 19-1839] IP Catalog is up to date.
INFO: [DRC 23-27] Running DRC with 8 threads
INFO: [Vivado_Tcl 2-168] The results of DRC are in file /home/nwells/xschem/6_bit_flash/schematics/verilog/decoder_top/decoder_top.runs/impl_1/inv_drc_routed.rpt.
report_drc completed successfully
INFO: [runtcl-4] Executing : report_methodology -file inv_methodology_drc_routed.rpt -pb inv_methodology_drc_routed.pb -rpx inv_methodology_drc_routed.rpx
Command: report_methodology -file inv_methodology_drc_routed.rpt -pb inv_methodology_drc_routed.pb -rpx inv_methodology_drc_routed.rpx
INFO: [Timing 38-35] Done setting XDC timing constraints.
INFO: [DRC 23-133] Running Methodology with 8 threads
INFO: [Vivado_Tcl 2-1520] The results of Report Methodology are in file /home/nwells/xschem/6_bit_flash/schematics/verilog/decoder_top/decoder_top.runs/impl_1/inv_methodology_drc_routed.rpt.
report_methodology completed successfully
INFO: [runtcl-4] Executing : report_power -file inv_power_routed.rpt -pb inv_power_summary_routed.pb -rpx inv_power_routed.rpx
Command: report_power -file inv_power_routed.rpt -pb inv_power_summary_routed.pb -rpx inv_power_routed.rpx
INFO: [Timing 38-35] Done setting XDC timing constraints.
WARNING: [Power 33-232] No user defined clocks were found in the design! Power estimation will be inaccurate until this is corrected.
Resolution: Please specify clocks using create_clock/create_generated_clock for sequential elements. For pure combinatorial circuits, please specify a virtual clock, otherwise the vectorless estimation might be inaccurate
Running Vector-less Activity Propagation...

Finished Running Vector-less Activity Propagation
66 Infos, 2 Warnings, 0 Critical Warnings and 0 Errors encountered.
report_power completed successfully
INFO: [runtcl-4] Executing : report_route_status -file inv_route_status.rpt -pb inv_route_status.pb
INFO: [runtcl-4] Executing : report_timing_summary -max_paths 10 -report_unconstrained -file inv_timing_summary_routed.rpt -pb inv_timing_summary_routed.pb -rpx inv_timing_summary_routed.rpx -warn_on_violation 
INFO: [Timing 38-91] UpdateTimingParams: Speed grade: -1, Delay Type: min_max.
INFO: [Timing 38-191] Multithreading enabled for timing update using a maximum of 8 CPUs
WARNING: [Timing 38-313] There are no user specified timing constraints. Timing constraints are needed for proper timing analysis.
INFO: [runtcl-4] Executing : report_incremental_reuse -file inv_incremental_reuse_routed.rpt
INFO: [Vivado_Tcl 4-1062] Incremental flow is disabled. No incremental reuse Info to report.
INFO: [runtcl-4] Executing : report_clock_utilization -file inv_clock_utilization_routed.rpt
INFO: [runtcl-4] Executing : report_bus_skew -warn_on_violation -file inv_bus_skew_routed.rpt -pb inv_bus_skew_routed.pb -rpx inv_bus_skew_routed.rpx
INFO: [Timing 38-91] UpdateTimingParams: Speed grade: -1, Delay Type: min_max.
INFO: [Timing 38-191] Multithreading enabled for timing update using a maximum of 8 CPUs
Write ShapeDB Complete: Time (s): cpu = 00:00:00.01 ; elapsed = 00:00:00 . Memory (MB): peak = 3163.105 ; gain = 0.000 ; free physical = 3291 ; free virtual = 33897
Wrote PlaceDB: Time (s): cpu = 00:00:00 ; elapsed = 00:00:00.01 . Memory (MB): peak = 3163.105 ; gain = 0.000 ; free physical = 3291 ; free virtual = 33897
Wrote PulsedLatchDB: Time (s): cpu = 00:00:00 ; elapsed = 00:00:00 . Memory (MB): peak = 3163.105 ; gain = 0.000 ; free physical = 3291 ; free virtual = 33897
Writing XDEF routing.
Writing XDEF routing logical nets.
Writing XDEF routing special nets.
Wrote RouteStorage: Time (s): cpu = 00:00:00 ; elapsed = 00:00:00 . Memory (MB): peak = 3163.105 ; gain = 0.000 ; free physical = 3291 ; free virtual = 33897
Wrote Netlist Cache: Time (s): cpu = 00:00:00 ; elapsed = 00:00:00 . Memory (MB): peak = 3163.105 ; gain = 0.000 ; free physical = 3291 ; free virtual = 33897
Wrote Device Cache: Time (s): cpu = 00:00:00 ; elapsed = 00:00:00 . Memory (MB): peak = 3163.105 ; gain = 0.000 ; free physical = 3291 ; free virtual = 33897
Write Physdb Complete: Time (s): cpu = 00:00:00.01 ; elapsed = 00:00:00.01 . Memory (MB): peak = 3163.105 ; gain = 0.000 ; free physical = 3291 ; free virtual = 33897
INFO: [Common 17-1381] The checkpoint '/home/nwells/xschem/6_bit_flash/schematics/verilog/decoder_top/decoder_top.runs/impl_1/inv_routed.dcp' has been generated.
INFO: [Common 17-206] Exiting Vivado at Wed Apr  9 19:08:37 2025...
